<?xml version="1.0" encoding="UTF-8"?>
<!-- Generated by org.testng.reporters.JUnitXMLReporter -->
<testsuite hostname="DESKTOP-7UNT7J4" ignored="0" name="Default test" tests="4" failures="0" timestamp="2022-09-11T11:39:08 IST" time="80.286" errors="0">
  <testcase name="verifyBuySamsungGalaxy6" time="2.229" classname="testlayer.HomePageTest"/>
  <testcase name="verifybuyNexus6" time="2.942" classname="testlayer.HomePageTest"/>
  <testcase name="verifybuyNokialumia1520" time="2.041" classname="testlayer.HomePageTest"/>
  <testcase name="verifybuySamsunggalaxys7" time="1.991" classname="testlayer.HomePageTest"/>
</testsuite> <!-- Default test -->
